[debug] [2024-05-23T12:26:02.889Z] ----------------------------------------------------------------------
[debug] [2024-05-23T12:26:02.892Z] Command:       C:\Program Files\nodejs\node.exe C:\Users\ADMIN\AppData\Roaming\npm\node_modules\firebase-tools\lib\bin\firebase.js init
[debug] [2024-05-23T12:26:02.893Z] CLI Version:   13.10.0
[debug] [2024-05-23T12:26:02.893Z] Platform:      win32
[debug] [2024-05-23T12:26:02.893Z] Node Version:  v20.13.1
[debug] [2024-05-23T12:26:02.893Z] Time:          Thu May 23 2024 13:26:02 GMT+0100 (Hora de verão da Europa Ocidental)
[debug] [2024-05-23T12:26:02.893Z] ----------------------------------------------------------------------
[debug] 
[debug] [2024-05-23T12:26:02.902Z] > command requires scopes: ["email","openid","https://www.googleapis.com/auth/cloudplatformprojects.readonly","https://www.googleapis.com/auth/firebase","https://www.googleapis.com/auth/cloud-platform"]
[debug] [2024-05-23T12:26:02.903Z] > authorizing via signed-in user (gustavo.a.h.r.06@gmail.com)
[info] 
     ######## #### ########  ######## ########     ###     ######  ########
     ##        ##  ##     ## ##       ##     ##  ##   ##  ##       ##
     ######    ##  ########  ######   ########  #########  ######  ######
     ##        ##  ##    ##  ##       ##     ## ##     ##       ## ##
     ##       #### ##     ## ######## ########  ##     ##  ######  ########

You're about to initialize a Firebase project in this directory:

  C:\Users\ADMIN\Downloads\PAP

[info] 
=== Project Setup
[info] 
[info] First, let's associate this project directory with a Firebase project.
[info] You can create multiple project aliases by running firebase use --add, 
[info] but for now we'll just set up a default project.
[info] 
